# JRE version: Java(TM) SE Runtime Environment (8.0_111-b14) (build 1.8.0_111-b14)
# Java VM: Java HotSpot(TM) 64-Bit Server VM (25.111-b14 mixed mode windows-amd64 compressed oops)
Heap:
 PSYoungGen      total 52736K, used 17829K [0x00000000e0b00000, 0x00000000e7900000, 0x0000000100000000)
  eden space 49152K, 29% used [0x00000000e0b00000,0x00000000e18ebbc8,0x00000000e3b00000)
  from space 3584K, 99% used [0x00000000e3b00000,0x00000000e3e7d848,0x00000000e3e80000)
  to   space 7168K, 0% used [0x00000000e7200000,0x00000000e7200000,0x00000000e7900000)
 ParOldGen       total 64512K, used 5700K [0x00000000a2000000, 0x00000000a5f00000, 0x00000000e0b00000)
  object space 64512K, 8% used [0x00000000a2000000,0x00000000a2591290,0x00000000a5f00000)
 Metaspace       used 19290K, capacity 19880K, committed 20224K, reserved 1067008K
  class space    used 2578K, capacity 2723K, committed 2816K, reserved 1048576K
GC Heap History (10 events):
Event: 2.489 GC heap before
{Heap before GC invocations=1 (full 0):
 PSYoungGen      total 28160K, used 24576K [0x00000000e0b00000, 0x00000000e2a00000, 0x0000000100000000)
  eden space 24576K, 100% used [0x00000000e0b00000,0x00000000e2300000,0x00000000e2300000)
  from space 3584K, 0% used [0x00000000e2680000,0x00000000e2680000,0x00000000e2a00000)
  to   space 3584K, 0% used [0x00000000e2300000,0x00000000e2300000,0x00000000e2680000)
 ParOldGen       total 64512K, used 0K [0x00000000a2000000, 0x00000000a5f00000, 0x00000000e0b00000)
  object space 64512K, 0% used [0x00000000a2000000,0x00000000a2000000,0x00000000a5f00000)
 Metaspace       used 14079K, capacity 14460K, committed 14848K, reserved 1062912K
  class space    used 1801K, capacity 1937K, committed 2048K, reserved 1048576K
Event: 2.498 GC heap after
Heap after GC invocations=1 (full 0):
 PSYoungGen      total 28160K, used 3558K [0x00000000e0b00000, 0x00000000e2a00000, 0x0000000100000000)
  eden space 24576K, 0% used [0x00000000e0b00000,0x00000000e0b00000,0x00000000e2300000)
  from space 3584K, 99% used [0x00000000e2300000,0x00000000e2679838,0x00000000e2680000)
  to   space 3584K, 0% used [0x00000000e2680000,0x00000000e2680000,0x00000000e2a00000)
 ParOldGen       total 64512K, used 3328K [0x00000000a2000000, 0x00000000a5f00000, 0x00000000e0b00000)
  object space 64512K, 5% used [0x00000000a2000000,0x00000000a2340030,0x00000000a5f00000)
 Metaspace       used 14079K, capacity 14460K, committed 14848K, reserved 1062912K
  class space    used 1801K, capacity 1937K, committed 2048K, reserved 1048576K
}
Event: 2.863 GC heap before
{Heap before GC invocations=2 (full 0):
 PSYoungGen      total 28160K, used 28134K [0x00000000e0b00000, 0x00000000e2a00000, 0x0000000100000000)
  eden space 24576K, 100% used [0x00000000e0b00000,0x00000000e2300000,0x00000000e2300000)
  from space 3584K, 99% used [0x00000000e2300000,0x00000000e2679838,0x00000000e2680000)
  to   space 3584K, 0% used [0x00000000e2680000,0x00000000e2680000,0x00000000e2a00000)
 ParOldGen       total 64512K, used 3328K [0x00000000a2000000, 0x00000000a5f00000, 0x00000000e0b00000)
  object space 64512K, 5% used [0x00000000a2000000,0x00000000a2340030,0x00000000a5f00000)
 Metaspace       used 16745K, capacity 17304K, committed 17536K, reserved 1064960K
  class space    used 2210K, capacity 2375K, committed 2432K, reserved 1048576K
Event: 2.872 GC heap after
Heap after GC invocations=2 (full 0):
 PSYoungGen      total 28160K, used 3552K [0x00000000e0b00000, 0x00000000e4200000, 0x0000000100000000)
  eden space 24576K, 0% used [0x00000000e0b00000,0x00000000e0b00000,0x00000000e2300000)
  from space 3584K, 99% used [0x00000000e2680000,0x00000000e29f8050,0x00000000e2a00000)
  to   space 3584K, 0% used [0x00000000e2300000,0x00000000e2300000,0x00000000e2680000)
 ParOldGen       total 64512K, used 3708K [0x00000000a2000000, 0x00000000a5f00000, 0x00000000e0b00000)
  object space 64512K, 5% used [0x00000000a2000000,0x00000000a239f270,0x00000000a5f00000)
 Metaspace       used 16745K, capacity 17304K, committed 17536K, reserved 1064960K
  class space    used 2210K, capacity 2375K, committed 2432K, reserved 1048576K
}
Event: 4.718 GC heap before
{Heap before GC invocations=3 (full 0):
 PSYoungGen      total 28160K, used 28128K [0x00000000e0b00000, 0x00000000e4200000, 0x0000000100000000)
  eden space 24576K, 100% used [0x00000000e0b00000,0x00000000e2300000,0x00000000e2300000)
  from space 3584K, 99% used [0x00000000e2680000,0x00000000e29f8050,0x00000000e2a00000)
  to   space 3584K, 0% used [0x00000000e2300000,0x00000000e2300000,0x00000000e2680000)
 ParOldGen       total 64512K, used 3708K [0x00000000a2000000, 0x00000000a5f00000, 0x00000000e0b00000)
  object space 64512K, 5% used [0x00000000a2000000,0x00000000a239f270,0x00000000a5f00000)
 Metaspace       used 17330K, capacity 17898K, committed 18176K, reserved 1064960K
  class space    used 2290K, capacity 2454K, committed 2560K, reserved 1048576K
Event: 4.730 GC heap after
Heap after GC invocations=3 (full 0):
 PSYoungGen      total 28160K, used 3574K [0x00000000e0b00000, 0x00000000e4200000, 0x0000000100000000)
  eden space 24576K, 0% used [0x00000000e0b00000,0x00000000e0b00000,0x00000000e2300000)
  from space 3584K, 99% used [0x00000000e2300000,0x00000000e267d848,0x00000000e2680000)
  to   space 3584K, 0% used [0x00000000e3e80000,0x00000000e3e80000,0x00000000e4200000)
 ParOldGen       total 64512K, used 3748K [0x00000000a2000000, 0x00000000a5f00000, 0x00000000e0b00000)
  object space 64512K, 5% used [0x00000000a2000000,0x00000000a23a9270,0x00000000a5f00000)
 Metaspace       used 17330K, capacity 17898K, committed 18176K, reserved 1064960K
  class space    used 2290K, capacity 2454K, committed 2560K, reserved 1048576K
}
Event: 6.866 GC heap before
{Heap before GC invocations=4 (full 0):
 PSYoungGen      total 28160K, used 28150K [0x00000000e0b00000, 0x00000000e4200000, 0x0000000100000000)
  eden space 24576K, 100% used [0x00000000e0b00000,0x00000000e2300000,0x00000000e2300000)
  from space 3584K, 99% used [0x00000000e2300000,0x00000000e267d848,0x00000000e2680000)
  to   space 3584K, 0% used [0x00000000e3e80000,0x00000000e3e80000,0x00000000e4200000)
 ParOldGen       total 64512K, used 3748K [0x00000000a2000000, 0x00000000a5f00000, 0x00000000e0b00000)
  object space 64512K, 5% used [0x00000000a2000000,0x00000000a23a9270,0x00000000a5f00000)
 Metaspace       used 17529K, capacity 18090K, committed 18432K, reserved 1064960K
  class space    used 2291K, capacity 2454K, committed 2560K, reserved 1048576K
Event: 6.886 GC heap after
Heap after GC invocations=4 (full 0):
 PSYoungGen      total 52736K, used 3574K [0x00000000e0b00000, 0x00000000e4200000, 0x0000000100000000)
  eden space 49152K, 0% used [0x00000000e0b00000,0x00000000e0b00000,0x00000000e3b00000)
  from space 3584K, 99% used [0x00000000e3e80000,0x00000000e41fd828,0x00000000e4200000)
  to   space 3584K, 0% used [0x00000000e3b00000,0x00000000e3b00000,0x00000000e3e80000)
 ParOldGen       total 64512K, used 5388K [0x00000000a2000000, 0x00000000a5f00000, 0x00000000e0b00000)
  object space 64512K, 8% used [0x00000000a2000000,0x00000000a2543290,0x00000000a5f00000)
 Metaspace       used 17529K, capacity 18090K, committed 18432K, reserved 1064960K
  class space    used 2291K, capacity 2454K, committed 2560K, reserved 1048576K
}
Event: 8.986 GC heap before
{Heap before GC invocations=5 (full 0):
 PSYoungGen      total 52736K, used 52726K [0x00000000e0b00000, 0x00000000e4200000, 0x0000000100000000)
  eden space 49152K, 100% used [0x00000000e0b00000,0x00000000e3b00000,0x00000000e3b00000)
  from space 3584K, 99% used [0x00000000e3e80000,0x00000000e41fd828,0x00000000e4200000)
  to   space 3584K, 0% used [0x00000000e3b00000,0x00000000e3b00000,0x00000000e3e80000)
 ParOldGen       total 64512K, used 5388K [0x00000000a2000000, 0x00000000a5f00000, 0x00000000e0b00000)
  object space 64512K, 8% used [0x00000000a2000000,0x00000000a2543290,0x00000000a5f00000)
 Metaspace       used 19119K, capacity 19716K, committed 19968K, reserved 1067008K
  class space    used 2571K, capacity 2715K, committed 2816K, reserved 1048576K
Event: 9.012 GC heap after
Heap after GC invocations=5 (full 0):
 PSYoungGen      total 52736K, used 3574K [0x00000000e0b00000, 0x00000000e7900000, 0x0000000100000000)
  eden space 49152K, 0% used [0x00000000e0b00000,0x00000000e0b00000,0x00000000e3b00000)
  from space 3584K, 99% used [0x00000000e3b00000,0x00000000e3e7d848,0x00000000e3e80000)
  to   space 7168K, 0% used [0x00000000e7200000,0x00000000e7200000,0x00000000e7900000)
 ParOldGen       total 64512K, used 5700K [0x00000000a2000000, 0x00000000a5f00000, 0x00000000e0b00000)
  object space 64512K, 8% used [0x00000000a2000000,0x00000000a2591290,0x00000000a5f00000)
 Metaspace       used 19119K, capacity 19716K, committed 19968K, reserved 1067008K
  class space    used 2571K, capacity 2715K, committed 2816K, reserved 1048576K
}

